================================================================================
Rule No. 126 : 1B: Nwell to Nwell spacing must be >= 1.0 um

Real Error Count : 1; Flat Error Count : 1
================================================================================

--------------------------------------------------------------------------------
Cell Name : opamp layout opamp_exp9

                   Cell Errors    Real Errors   Cell Placements     Environments
                             1              1                 1                1
--------------------------------------------------------------------------------
Env.  Env. Placements            X1           Y1          X2           Y2

  1        1                  4.780        4.580       5.415        7.580

Shape               Environments Status & Error Marker 

          1           X1         Y1         X2         Y2

   1      X        4.780      4.580      5.415      7.580

================================================================================
Rule No. 178 : 7B: Metal1 to Metal1 spacing must be >= 0.3 um

Real Error Count : 1; Flat Error Count : 1
================================================================================

--------------------------------------------------------------------------------
Cell Name : opamp layout opamp_exp9

                   Cell Errors    Real Errors   Cell Placements     Environments
                             1              1                 1                1
--------------------------------------------------------------------------------
Env.  Env. Placements            X1           Y1          X2           Y2

  1        1                  0.655        8.245       2.975        8.520

Shape               Environments Status & Error Marker 

          1           X1         Y1         X2         Y2

   1      X        0.655      8.245      2.975      8.520

